TN:
SF:test/part1.js
FN:3,(anonymous_0)
FN:24,(anonymous_1)
FN:28,(anonymous_2)
FN:44,(anonymous_3)
FNF:4
FNH:4
FNDA:2,(anonymous_0)
FNDA:1,(anonymous_1)
FNDA:3,(anonymous_2)
FNDA:1,(anonymous_3)
DA:3,1
DA:4,2
DA:5,2
DA:6,2
DA:12,2
DA:13,1
DA:14,1
DA:17,2
DA:18,1
DA:19,1
DA:21,1
DA:24,1
DA:26,1
DA:27,1
DA:28,1
DA:29,3
DA:32,1
DA:33,1
DA:37,1
DA:38,1
DA:39,1
DA:41,0
DA:44,1
DA:45,1
DA:46,1
DA:47,1
DA:50,1
LF:27
LH:26
BRDA:12,0,0,1
BRDA:12,0,1,1
BRDA:17,1,0,1
BRDA:17,1,1,1
BRDA:29,2,0,2
BRDA:29,2,1,1
BRDA:32,3,0,1
BRDA:32,3,1,0
BRDA:37,4,0,1
BRDA:37,4,1,0
BRF:10
BRH:8
end_of_record
